  lua_sel_test.cpp
  lua.lib(lstate.obj) : MSIL .netmodule or module compiled with /GL found; restarting link with /LTCG; add /LTCG to the link command line to improve linker performance
LINK : warning LNK4075: ignoring '/INCREMENTAL' due to '/LTCG' specification
lua_sel_test.obj : warning LNK4075: ignoring '/EDITANDCONTINUE' due to '/OPT:LBR' specification
LINK : warning LNK4098: defaultlib 'MSVCRT' conflicts with use of other libs; use /NODEFAULTLIB:library
  Generating code
  Finished generating code
lua.lib(lstate.obj) : warning LNK4099: PDB 'lua.pdb' was not found with 'lua.lib(lstate.obj)' or at 'C:\Users\Pedro Admin\documents\visual studio 2015\Projects\NDEngine\sandbox\bin\Debug\Win32\lua.pdb'; linking object as if no debug info
lua.lib(lapi.obj) : warning LNK4099: PDB 'lua.pdb' was not found with 'lua.lib(lapi.obj)' or at 'C:\Users\Pedro Admin\documents\visual studio 2015\Projects\NDEngine\sandbox\bin\Debug\Win32\lua.pdb'; linking object as if no debug info
lua.lib(lauxlib.obj) : warning LNK4099: PDB 'lua.pdb' was not found with 'lua.lib(lauxlib.obj)' or at 'C:\Users\Pedro Admin\documents\visual studio 2015\Projects\NDEngine\sandbox\bin\Debug\Win32\lua.pdb'; linking object as if no debug info
lua.lib(linit.obj) : warning LNK4099: PDB 'lua.pdb' was not found with 'lua.lib(linit.obj)' or at 'C:\Users\Pedro Admin\documents\visual studio 2015\Projects\NDEngine\sandbox\bin\Debug\Win32\lua.pdb'; linking object as if no debug info
lua.lib(ltable.obj) : warning LNK4099: PDB 'lua.pdb' was not found with 'lua.lib(ltable.obj)' or at 'C:\Users\Pedro Admin\documents\visual studio 2015\Projects\NDEngine\sandbox\bin\Debug\Win32\lua.pdb'; linking object as if no debug info
lua.lib(lstring.obj) : warning LNK4099: PDB 'lua.pdb' was not found with 'lua.lib(lstring.obj)' or at 'C:\Users\Pedro Admin\documents\visual studio 2015\Projects\NDEngine\sandbox\bin\Debug\Win32\lua.pdb'; linking object as if no debug info
lua.lib(ldo.obj) : warning LNK4099: PDB 'lua.pdb' was not found with 'lua.lib(ldo.obj)' or at 'C:\Users\Pedro Admin\documents\visual studio 2015\Projects\NDEngine\sandbox\bin\Debug\Win32\lua.pdb'; linking object as if no debug info
lua.lib(lgc.obj) : warning LNK4099: PDB 'lua.pdb' was not found with 'lua.lib(lgc.obj)' or at 'C:\Users\Pedro Admin\documents\visual studio 2015\Projects\NDEngine\sandbox\bin\Debug\Win32\lua.pdb'; linking object as if no debug info
lua.lib(lmem.obj) : warning LNK4099: PDB 'lua.pdb' was not found with 'lua.lib(lmem.obj)' or at 'C:\Users\Pedro Admin\documents\visual studio 2015\Projects\NDEngine\sandbox\bin\Debug\Win32\lua.pdb'; linking object as if no debug info
lua.lib(llex.obj) : warning LNK4099: PDB 'lua.pdb' was not found with 'lua.lib(llex.obj)' or at 'C:\Users\Pedro Admin\documents\visual studio 2015\Projects\NDEngine\sandbox\bin\Debug\Win32\lua.pdb'; linking object as if no debug info
lua.lib(ltm.obj) : warning LNK4099: PDB 'lua.pdb' was not found with 'lua.lib(ltm.obj)' or at 'C:\Users\Pedro Admin\documents\visual studio 2015\Projects\NDEngine\sandbox\bin\Debug\Win32\lua.pdb'; linking object as if no debug info
lua.lib(lobject.obj) : warning LNK4099: PDB 'lua.pdb' was not found with 'lua.lib(lobject.obj)' or at 'C:\Users\Pedro Admin\documents\visual studio 2015\Projects\NDEngine\sandbox\bin\Debug\Win32\lua.pdb'; linking object as if no debug info
lua.lib(lfunc.obj) : warning LNK4099: PDB 'lua.pdb' was not found with 'lua.lib(lfunc.obj)' or at 'C:\Users\Pedro Admin\documents\visual studio 2015\Projects\NDEngine\sandbox\bin\Debug\Win32\lua.pdb'; linking object as if no debug info
lua.lib(lvm.obj) : warning LNK4099: PDB 'lua.pdb' was not found with 'lua.lib(lvm.obj)' or at 'C:\Users\Pedro Admin\documents\visual studio 2015\Projects\NDEngine\sandbox\bin\Debug\Win32\lua.pdb'; linking object as if no debug info
lua.lib(ldebug.obj) : warning LNK4099: PDB 'lua.pdb' was not found with 'lua.lib(ldebug.obj)' or at 'C:\Users\Pedro Admin\documents\visual studio 2015\Projects\NDEngine\sandbox\bin\Debug\Win32\lua.pdb'; linking object as if no debug info
lua.lib(lzio.obj) : warning LNK4099: PDB 'lua.pdb' was not found with 'lua.lib(lzio.obj)' or at 'C:\Users\Pedro Admin\documents\visual studio 2015\Projects\NDEngine\sandbox\bin\Debug\Win32\lua.pdb'; linking object as if no debug info
lua.lib(ldump.obj) : warning LNK4099: PDB 'lua.pdb' was not found with 'lua.lib(ldump.obj)' or at 'C:\Users\Pedro Admin\documents\visual studio 2015\Projects\NDEngine\sandbox\bin\Debug\Win32\lua.pdb'; linking object as if no debug info
lua.lib(ltablib.obj) : warning LNK4099: PDB 'lua.pdb' was not found with 'lua.lib(ltablib.obj)' or at 'C:\Users\Pedro Admin\documents\visual studio 2015\Projects\NDEngine\sandbox\bin\Debug\Win32\lua.pdb'; linking object as if no debug info
lua.lib(lbaselib.obj) : warning LNK4099: PDB 'lua.pdb' was not found with 'lua.lib(lbaselib.obj)' or at 'C:\Users\Pedro Admin\documents\visual studio 2015\Projects\NDEngine\sandbox\bin\Debug\Win32\lua.pdb'; linking object as if no debug info
lua.lib(lutf8lib.obj) : warning LNK4099: PDB 'lua.pdb' was not found with 'lua.lib(lutf8lib.obj)' or at 'C:\Users\Pedro Admin\documents\visual studio 2015\Projects\NDEngine\sandbox\bin\Debug\Win32\lua.pdb'; linking object as if no debug info
lua.lib(loadlib.obj) : warning LNK4099: PDB 'lua.pdb' was not found with 'lua.lib(loadlib.obj)' or at 'C:\Users\Pedro Admin\documents\visual studio 2015\Projects\NDEngine\sandbox\bin\Debug\Win32\lua.pdb'; linking object as if no debug info
lua.lib(loslib.obj) : warning LNK4099: PDB 'lua.pdb' was not found with 'lua.lib(loslib.obj)' or at 'C:\Users\Pedro Admin\documents\visual studio 2015\Projects\NDEngine\sandbox\bin\Debug\Win32\lua.pdb'; linking object as if no debug info
lua.lib(lstrlib.obj) : warning LNK4099: PDB 'lua.pdb' was not found with 'lua.lib(lstrlib.obj)' or at 'C:\Users\Pedro Admin\documents\visual studio 2015\Projects\NDEngine\sandbox\bin\Debug\Win32\lua.pdb'; linking object as if no debug info
lua.lib(lmathlib.obj) : warning LNK4099: PDB 'lua.pdb' was not found with 'lua.lib(lmathlib.obj)' or at 'C:\Users\Pedro Admin\documents\visual studio 2015\Projects\NDEngine\sandbox\bin\Debug\Win32\lua.pdb'; linking object as if no debug info
lua.lib(liolib.obj) : warning LNK4099: PDB 'lua.pdb' was not found with 'lua.lib(liolib.obj)' or at 'C:\Users\Pedro Admin\documents\visual studio 2015\Projects\NDEngine\sandbox\bin\Debug\Win32\lua.pdb'; linking object as if no debug info
lua.lib(ldblib.obj) : warning LNK4099: PDB 'lua.pdb' was not found with 'lua.lib(ldblib.obj)' or at 'C:\Users\Pedro Admin\documents\visual studio 2015\Projects\NDEngine\sandbox\bin\Debug\Win32\lua.pdb'; linking object as if no debug info
lua.lib(lcorolib.obj) : warning LNK4099: PDB 'lua.pdb' was not found with 'lua.lib(lcorolib.obj)' or at 'C:\Users\Pedro Admin\documents\visual studio 2015\Projects\NDEngine\sandbox\bin\Debug\Win32\lua.pdb'; linking object as if no debug info
lua.lib(lundump.obj) : warning LNK4099: PDB 'lua.pdb' was not found with 'lua.lib(lundump.obj)' or at 'C:\Users\Pedro Admin\documents\visual studio 2015\Projects\NDEngine\sandbox\bin\Debug\Win32\lua.pdb'; linking object as if no debug info
lua.lib(lparser.obj) : warning LNK4099: PDB 'lua.pdb' was not found with 'lua.lib(lparser.obj)' or at 'C:\Users\Pedro Admin\documents\visual studio 2015\Projects\NDEngine\sandbox\bin\Debug\Win32\lua.pdb'; linking object as if no debug info
lua.lib(lctype.obj) : warning LNK4099: PDB 'lua.pdb' was not found with 'lua.lib(lctype.obj)' or at 'C:\Users\Pedro Admin\documents\visual studio 2015\Projects\NDEngine\sandbox\bin\Debug\Win32\lua.pdb'; linking object as if no debug info
lua.lib(lopcodes.obj) : warning LNK4099: PDB 'lua.pdb' was not found with 'lua.lib(lopcodes.obj)' or at 'C:\Users\Pedro Admin\documents\visual studio 2015\Projects\NDEngine\sandbox\bin\Debug\Win32\lua.pdb'; linking object as if no debug info
lua.lib(lcode.obj) : warning LNK4099: PDB 'lua.pdb' was not found with 'lua.lib(lcode.obj)' or at 'C:\Users\Pedro Admin\documents\visual studio 2015\Projects\NDEngine\sandbox\bin\Debug\Win32\lua.pdb'; linking object as if no debug info
  sandbox.vcxproj -> C:\Users\Pedro Admin\documents\visual studio 2015\Projects\NDEngine\sandbox\bin\Debug\Win32\sandbox.exe
  sandbox.vcxproj -> C:\Users\Pedro Admin\documents\visual studio 2015\Projects\NDEngine\sandbox\bin\Debug\Win32\sandbox.pdb (Partial PDB)
