  lzio.c
  lvm.c
  lutf8lib.c
  lundump.c
  lua.c
  ltm.c
  ltablib.c
  ltable.c
  lstrlib.c
  lstring.c
  lstate.c
  lparser.c
  loslib.c
  lopcodes.c
  lobject.c
  loadlib.c
  lmem.c
  lmathlib.c
  llex.c
  liolib.c
  Generating Code...
  Compiling...
  linit.c
  lgc.c
  lfunc.c
  ldump.c
  ldo.c
  ldebug.c
  ldblib.c
  lctype.c
  lcorolib.c
  lcode.c
  lbitlib.c
  lbaselib.c
  lauxlib.c
  lapi.c
  Generating Code...
  lua.vcxproj -> C:\Users\Pedro Admin\documents\visual studio 2015\Projects\NDEngine\lua\bin\Debug\Win32\lua.lib
