c:\users\pedro admin\documents\visual studio 2015\projects\ndengine\lua\bin\release\x64\intermediates\lua.pdb
c:\users\pedro admin\documents\visual studio 2015\projects\ndengine\lua\bin\release\x64\intermediates\lobject.obj
c:\users\pedro admin\documents\visual studio 2015\projects\ndengine\lua\bin\release\x64\intermediates\loadlib.obj
c:\users\pedro admin\documents\visual studio 2015\projects\ndengine\lua\bin\release\x64\intermediates\lmem.obj
c:\users\pedro admin\documents\visual studio 2015\projects\ndengine\lua\bin\release\x64\intermediates\lmathlib.obj
c:\users\pedro admin\documents\visual studio 2015\projects\ndengine\lua\bin\release\x64\intermediates\llex.obj
c:\users\pedro admin\documents\visual studio 2015\projects\ndengine\lua\bin\release\x64\intermediates\liolib.obj
c:\users\pedro admin\documents\visual studio 2015\projects\ndengine\lua\bin\release\x64\intermediates\linit.obj
c:\users\pedro admin\documents\visual studio 2015\projects\ndengine\lua\bin\release\x64\intermediates\lgc.obj
c:\users\pedro admin\documents\visual studio 2015\projects\ndengine\lua\bin\release\x64\intermediates\lfunc.obj
c:\users\pedro admin\documents\visual studio 2015\projects\ndengine\lua\bin\release\x64\intermediates\ldump.obj
c:\users\pedro admin\documents\visual studio 2015\projects\ndengine\lua\bin\release\x64\intermediates\ldo.obj
c:\users\pedro admin\documents\visual studio 2015\projects\ndengine\lua\bin\release\x64\intermediates\ldebug.obj
c:\users\pedro admin\documents\visual studio 2015\projects\ndengine\lua\bin\release\x64\intermediates\ldblib.obj
c:\users\pedro admin\documents\visual studio 2015\projects\ndengine\lua\bin\release\x64\intermediates\lctype.obj
c:\users\pedro admin\documents\visual studio 2015\projects\ndengine\lua\bin\release\x64\intermediates\lcorolib.obj
c:\users\pedro admin\documents\visual studio 2015\projects\ndengine\lua\bin\release\x64\intermediates\lcode.obj
c:\users\pedro admin\documents\visual studio 2015\projects\ndengine\lua\bin\release\x64\intermediates\lbitlib.obj
c:\users\pedro admin\documents\visual studio 2015\projects\ndengine\lua\bin\release\x64\intermediates\lbaselib.obj
c:\users\pedro admin\documents\visual studio 2015\projects\ndengine\lua\bin\release\x64\intermediates\lauxlib.obj
c:\users\pedro admin\documents\visual studio 2015\projects\ndengine\lua\bin\release\x64\intermediates\lapi.obj
c:\users\pedro admin\documents\visual studio 2015\projects\ndengine\lua\bin\release\x64\intermediates\lzio.obj
c:\users\pedro admin\documents\visual studio 2015\projects\ndengine\lua\bin\release\x64\intermediates\lvm.obj
c:\users\pedro admin\documents\visual studio 2015\projects\ndengine\lua\bin\release\x64\intermediates\lutf8lib.obj
c:\users\pedro admin\documents\visual studio 2015\projects\ndengine\lua\bin\release\x64\intermediates\lundump.obj
c:\users\pedro admin\documents\visual studio 2015\projects\ndengine\lua\bin\release\x64\intermediates\lua.obj
c:\users\pedro admin\documents\visual studio 2015\projects\ndengine\lua\bin\release\x64\intermediates\ltm.obj
c:\users\pedro admin\documents\visual studio 2015\projects\ndengine\lua\bin\release\x64\intermediates\ltablib.obj
c:\users\pedro admin\documents\visual studio 2015\projects\ndengine\lua\bin\release\x64\intermediates\ltable.obj
c:\users\pedro admin\documents\visual studio 2015\projects\ndengine\lua\bin\release\x64\intermediates\lstrlib.obj
c:\users\pedro admin\documents\visual studio 2015\projects\ndengine\lua\bin\release\x64\intermediates\lstring.obj
c:\users\pedro admin\documents\visual studio 2015\projects\ndengine\lua\bin\release\x64\intermediates\lstate.obj
c:\users\pedro admin\documents\visual studio 2015\projects\ndengine\lua\bin\release\x64\intermediates\lparser.obj
c:\users\pedro admin\documents\visual studio 2015\projects\ndengine\lua\bin\release\x64\intermediates\loslib.obj
c:\users\pedro admin\documents\visual studio 2015\projects\ndengine\lua\bin\release\x64\intermediates\lopcodes.obj
c:\users\pedro admin\documents\visual studio 2015\projects\ndengine\lua\bin\release\x64\lua.lib
c:\users\pedro admin\documents\visual studio 2015\projects\ndengine\lua\bin\release\x64\intermediates\lua.tlog\cl.command.1.tlog
c:\users\pedro admin\documents\visual studio 2015\projects\ndengine\lua\bin\release\x64\intermediates\lua.tlog\cl.read.1.tlog
c:\users\pedro admin\documents\visual studio 2015\projects\ndengine\lua\bin\release\x64\intermediates\lua.tlog\cl.write.1.tlog
c:\users\pedro admin\documents\visual studio 2015\projects\ndengine\lua\bin\release\x64\intermediates\lua.tlog\lib-link.read.1.tlog
c:\users\pedro admin\documents\visual studio 2015\projects\ndengine\lua\bin\release\x64\intermediates\lua.tlog\lib-link.write.1.tlog
c:\users\pedro admin\documents\visual studio 2015\projects\ndengine\lua\bin\release\x64\intermediates\lua.tlog\lib.command.1.tlog
